\BOOKMARK [1][-]{section.1}{Distributions and Test Functions}{}% 1
\BOOKMARK [2][-]{subsection.1.1}{Motivation}{section.1}% 2
\BOOKMARK [2][-]{subsection.1.2}{Defining Test Functions}{section.1}% 3
\BOOKMARK [2][-]{subsection.1.3}{Defining Distributions}{section.1}% 4
\BOOKMARK [2][-]{subsection.1.4}{Basic Operations on Distributions}{section.1}% 5
\BOOKMARK [3][-]{subsubsection.1.4.1}{Multiplication by a C function}{subsection.1.4}% 6
\BOOKMARK [3][-]{subsubsection.1.4.2}{Differentiation}{subsection.1.4}% 7
\BOOKMARK [3][-]{subsubsection.1.4.3}{Change of Variables \(x = Ay + b\)}{subsection.1.4}% 8
\BOOKMARK [2][-]{subsection.1.5}{The Support of Distributions}{section.1}% 9
\BOOKMARK [2][-]{subsection.1.6}{The Convergence of Distributions}{section.1}% 10
\BOOKMARK [2][-]{subsection.1.7}{Equivalent Definition of Distributions}{section.1}% 11
\BOOKMARK [1][-]{section.2}{Fundamental Solution of Laplacian in `39`42`"613A``45`47`"603AR3}{}% 12
\BOOKMARK [1][-]{section.3}{Direct Product of Distributions}{}% 13
\BOOKMARK [1][-]{section.4}{Convolution of Distributions}{}% 14
\BOOKMARK [2][-]{subsection.4.1}{Example of Convolution}{section.4}% 15
\BOOKMARK [2][-]{subsection.4.2}{Properties of Convolution}{section.4}% 16
\BOOKMARK [1][-]{section.5}{Fundamentality of Fundamental Solutions}{}% 17
\BOOKMARK [1][-]{section.6}{Schwartz Kernel and the Kernel Theorem}{}% 18
\BOOKMARK [1][-]{section.7}{The Fourier Transform}{}% 19
\BOOKMARK [1][-]{section.8}{Properties of Fourier Transform}{}% 20
\BOOKMARK [1][-]{section.9}{Schwartz Space}{}% 21
\BOOKMARK [1][-]{section.10}{Fourier Transform in Schwartz Space}{}% 22
\BOOKMARK [1][-]{section.11}{Fourier Inversion Theorem}{}% 23
\BOOKMARK [1][-]{section.12}{Tempered Distributions}{}% 24
\BOOKMARK [1][-]{section.13}{Fourier Transform on Tempered Distributions}{}% 25
\BOOKMARK [1][-]{section.14}{Invertibility of FT on S', \046 Operational Rules}{}% 26
\BOOKMARK [1][-]{section.15}{Fourier Transform of Distributions with Compact Support}{}% 27
