\BOOKMARK [1][-]{section.1}{Introduction}{}% 1
\BOOKMARK [2][-]{subsection.1.1}{FMM Operator Basics}{section.1}% 2
\BOOKMARK [2][-]{subsection.1.2}{Transfer Vectors}{section.1}% 3
\BOOKMARK [2][-]{subsection.1.3}{Interaction Lists}{section.1}% 4
\BOOKMARK [2][-]{subsection.1.4}{bbFMM}{section.1}% 5
\BOOKMARK [2][-]{subsection.1.5}{KIFMM}{section.1}% 6
\BOOKMARK [2][-]{subsection.1.6}{Summary}{section.1}% 7
\BOOKMARK [1][-]{section.2}{Accelerating the M2L with the SVD}{}% 8
\BOOKMARK [2][-]{subsection.2.1}{Taking Advantage of Modern Compute Architectures}{section.2}% 9
\BOOKMARK [1][-]{section.3}{Accelerating M2L with FFT}{}% 10
\BOOKMARK [2][-]{subsection.3.1}{The M2L Translation as a Fourier Convolution}{section.3}% 11
\BOOKMARK [3][-]{subsubsection.3.1.1}{Accelerating the Hadamard Product}{subsection.3.1}% 12
\BOOKMARK [1][-]{section.4}{A New Software and Algorithm for M2L operators}{}% 13
\BOOKMARK [2][-]{subsection.4.1}{Rusty Field}{section.4}% 14
\BOOKMARK [2][-]{subsection.4.2}{M2L Operators with Symmetries}{section.4}% 15
\BOOKMARK [3][-]{subsubsection.4.2.1}{Computational Complexity When Applied to SVD vs FFT M2L}{subsection.4.2}% 16
\BOOKMARK [3][-]{subsubsection.4.2.2}{A New M2L Operator Algorithm}{subsection.4.2}% 17
\BOOKMARK [3][-]{subsubsection.4.2.3}{Investigations}{subsection.4.2}% 18
\BOOKMARK [1][-]{section.5}{Appendix}{}% 19
\BOOKMARK [2][-]{subsection.5.1}{Fourier Transform Theoretical Background}{section.5}% 20
\BOOKMARK [3][-]{subsubsection.5.1.1}{Going from Fourier Series to Fourier Transforms}{subsection.5.1}% 21
\BOOKMARK [3][-]{subsubsection.5.1.2}{The Convolution}{subsection.5.1}% 22
\BOOKMARK [3][-]{subsubsection.5.1.3}{Discrete Fourier Transforms, and the Fast Fourier Transform}{subsection.5.1}% 23
\BOOKMARK [2][-]{subsection.5.2}{N-Dimensional DFT}{section.5}% 24
\BOOKMARK [2][-]{subsection.5.3}{Method of Fundamental Solutions \(MFS\)}{section.5}% 25
\BOOKMARK [1][-]{section*.2}{References}{}% 26
